{"/Users/liubou.kurets/Documents/studentLab/travel-app/mobile/assets/images/avatar.jpeg": {"path":"/Users/liubou.kurets/Documents/studentLab/travel-app/mobile/assets/images/avatar.jpeg","statementMap":{"0":{"start":{"line":1,"column":0},"end":{"line":4,"column":6}}},"fnMap":{},"branchMap":{},"s":{"0":1},"f":{},"b":{},"inputSourceMap":null,"_coverageSchema":"1a1c01bbd47fc00a2c39e90264f33305004495a9","hash":"12e28b2c7ff71c51e6d6b52826c81fa1846217d3"}
,"/Users/liubou.kurets/Documents/studentLab/travel-app/mobile/src/components/Loaders/AnimatedImage.js": {"path":"/Users/liubou.kurets/Documents/studentLab/travel-app/mobile/src/components/Loaders/AnimatedImage.js","statementMap":{"0":{"start":{"line":6,"column":29},"end":{"line":68,"column":1}},"1":{"start":{"line":12,"column":23},"end":{"line":15,"column":3}},"2":{"start":{"line":16,"column":16},"end":{"line":16,"column":70}},"3":{"start":{"line":17,"column":48},"end":{"line":17,"column":69}},"4":{"start":{"line":18,"column":20},"end":{"line":36,"column":11}},"5":{"start":{"line":38,"column":21},"end":{"line":38,"column":59}},"6":{"start":{"line":39,"column":18},"end":{"line":42,"column":4}},"7":{"start":{"line":44,"column":2},"end":{"line":67,"column":4}},"8":{"start":{"line":57,"column":10},"end":{"line":57,"column":42}},"9":{"start":{"line":58,"column":10},"end":{"line":58,"column":28}},"10":{"start":{"line":61,"column":10},"end":{"line":61,"column":27}},"11":{"start":{"line":62,"column":10},"end":{"line":62,"column":54}},"12":{"start":{"line":63,"column":10},"end":{"line":63,"column":45}}},"fnMap":{"0":{"name":"(anonymous_0)","decl":{"start":{"line":6,"column":29},"end":{"line":6,"column":30}},"loc":{"start":{"line":11,"column":6},"end":{"line":68,"column":1}},"line":11},"1":{"name":"(anonymous_1)","decl":{"start":{"line":56,"column":21},"end":{"line":56,"column":22}},"loc":{"start":{"line":56,"column":27},"end":{"line":59,"column":9}},"line":56},"2":{"name":"(anonymous_2)","decl":{"start":{"line":60,"column":19},"end":{"line":60,"column":20}},"loc":{"start":{"line":60,"column":25},"end":{"line":64,"column":9}},"line":60}},"branchMap":{"0":{"loc":{"start":{"line":9,"column":2},"end":{"line":9,"column":15}},"type":"default-arg","locations":[{"start":{"line":9,"column":13},"end":{"line":9,"column":15}}],"line":9},"1":{"loc":{"start":{"line":10,"column":2},"end":{"line":10,"column":19}},"type":"default-arg","locations":[{"start":{"line":10,"column":15},"end":{"line":10,"column":19}}],"line":10}},"s":{"0":1,"1":1,"2":1,"3":1,"4":1,"5":1,"6":1,"7":1,"8":0,"9":0,"10":0,"11":0,"12":0},"f":{"0":1,"1":0,"2":0},"b":{"0":[0],"1":[1]},"_coverageSchema":"1a1c01bbd47fc00a2c39e90264f33305004495a9","hash":"fa03d80db0c00ecb7d74d5d76c97d0d99954f150"}
,"/Users/liubou.kurets/Documents/studentLab/travel-app/mobile/src/components/ProfileForm/ProfileForm.js": {"path":"/Users/liubou.kurets/Documents/studentLab/travel-app/mobile/src/components/ProfileForm/ProfileForm.js","statementMap":{"0":{"start":{"line":17,"column":27},"end":{"line":99,"column":1}},"1":{"start":{"line":18,"column":18},"end":{"line":18,"column":52}},"2":{"start":{"line":20,"column":20},"end":{"line":25,"column":29}},"3":{"start":{"line":21,"column":22},"end":{"line":21,"column":50}},"4":{"start":{"line":22,"column":21},"end":{"line":22,"column":48}},"5":{"start":{"line":23,"column":17},"end":{"line":23,"column":43}},"6":{"start":{"line":24,"column":4},"end":{"line":24,"column":60}},"7":{"start":{"line":27,"column":2},"end":{"line":98,"column":4}}},"fnMap":{"0":{"name":"(anonymous_0)","decl":{"start":{"line":17,"column":27},"end":{"line":17,"column":28}},"loc":{"start":{"line":17,"column":67},"end":{"line":99,"column":1}},"line":17},"1":{"name":"(anonymous_1)","decl":{"start":{"line":20,"column":28},"end":{"line":20,"column":29}},"loc":{"start":{"line":20,"column":34},"end":{"line":25,"column":3}},"line":20}},"branchMap":{"0":{"loc":{"start":{"line":21,"column":22},"end":{"line":21,"column":50}},"type":"binary-expr","locations":[{"start":{"line":21,"column":22},"end":{"line":21,"column":44}},{"start":{"line":21,"column":48},"end":{"line":21,"column":50}}],"line":21},"1":{"loc":{"start":{"line":22,"column":21},"end":{"line":22,"column":48}},"type":"binary-expr","locations":[{"start":{"line":22,"column":21},"end":{"line":22,"column":42}},{"start":{"line":22,"column":46},"end":{"line":22,"column":48}}],"line":22},"2":{"loc":{"start":{"line":24,"column":11},"end":{"line":24,"column":59}},"type":"binary-expr","locations":[{"start":{"line":24,"column":11},"end":{"line":24,"column":22}},{"start":{"line":24,"column":26},"end":{"line":24,"column":44}},{"start":{"line":24,"column":48},"end":{"line":24,"column":59}}],"line":24},"3":{"loc":{"start":{"line":29,"column":7},"end":{"line":96,"column":7}},"type":"binary-expr","locations":[{"start":{"line":29,"column":7},"end":{"line":29,"column":17}},{"start":{"line":30,"column":8},"end":{"line":95,"column":29}}],"line":29},"4":{"loc":{"start":{"line":33,"column":15},"end":{"line":41,"column":15}},"type":"cond-expr","locations":[{"start":{"line":34,"column":16},"end":{"line":38,"column":18}},{"start":{"line":40,"column":16},"end":{"line":40,"column":57}}],"line":33},"5":{"loc":{"start":{"line":44,"column":13},"end":{"line":53,"column":13}},"type":"cond-expr","locations":[{"start":{"line":45,"column":14},"end":{"line":50,"column":17}},{"start":{"line":52,"column":14},"end":{"line":52,"column":70}}],"line":44},"6":{"loc":{"start":{"line":47,"column":17},"end":{"line":49,"column":17}},"type":"binary-expr","locations":[{"start":{"line":47,"column":17},"end":{"line":47,"column":37}},{"start":{"line":48,"column":18},"end":{"line":48,"column":66}}],"line":47},"7":{"loc":{"start":{"line":56,"column":13},"end":{"line":64,"column":13}},"type":"binary-expr","locations":[{"start":{"line":56,"column":13},"end":{"line":56,"column":31}},{"start":{"line":57,"column":14},"end":{"line":63,"column":25}}],"line":56},"8":{"loc":{"start":{"line":65,"column":13},"end":{"line":71,"column":13}},"type":"binary-expr","locations":[{"start":{"line":65,"column":13},"end":{"line":65,"column":28}},{"start":{"line":66,"column":14},"end":{"line":70,"column":25}}],"line":65},"9":{"loc":{"start":{"line":72,"column":13},"end":{"line":93,"column":13}},"type":"binary-expr","locations":[{"start":{"line":72,"column":13},"end":{"line":72,"column":24}},{"start":{"line":73,"column":14},"end":{"line":92,"column":17}}],"line":72},"10":{"loc":{"start":{"line":74,"column":17},"end":{"line":79,"column":17}},"type":"binary-expr","locations":[{"start":{"line":74,"column":17},"end":{"line":74,"column":35}},{"start":{"line":75,"column":18},"end":{"line":78,"column":29}}],"line":74},"11":{"loc":{"start":{"line":80,"column":17},"end":{"line":85,"column":17}},"type":"binary-expr","locations":[{"start":{"line":80,"column":17},"end":{"line":80,"column":39}},{"start":{"line":81,"column":18},"end":{"line":84,"column":29}}],"line":80},"12":{"loc":{"start":{"line":86,"column":17},"end":{"line":91,"column":17}},"type":"binary-expr","locations":[{"start":{"line":86,"column":17},"end":{"line":86,"column":37}},{"start":{"line":87,"column":18},"end":{"line":90,"column":29}}],"line":86}},"s":{"0":1,"1":23,"2":23,"3":20,"4":20,"5":20,"6":20,"7":23},"f":{"0":23,"1":20},"b":{"0":[20,8],"1":[20,8],"2":[20,7,2],"3":[23,21],"4":[14,7],"5":[14,7],"6":[14,14],"7":[21,15],"8":[21,15],"9":[21,14],"10":[14,14],"11":[14,14],"12":[14,14]},"_coverageSchema":"1a1c01bbd47fc00a2c39e90264f33305004495a9","hash":"6460c02b7c771be2e9382bbfaa336ac79fc40744"}
,"/Users/liubou.kurets/Documents/studentLab/travel-app/mobile/src/components/ProfileForm/ProfileInfo.style.js": {"path":"/Users/liubou.kurets/Documents/studentLab/travel-app/mobile/src/components/ProfileForm/ProfileInfo.style.js","statementMap":{"0":{"start":{"line":5,"column":34},"end":{"line":5,"column":47}}},"fnMap":{},"branchMap":{},"s":{"0":1},"f":{},"b":{},"_coverageSchema":"1a1c01bbd47fc00a2c39e90264f33305004495a9","hash":"623b7cee16e662400608096408a232ac5c02a0f3"}
,"/Users/liubou.kurets/Documents/studentLab/travel-app/mobile/src/constants/api.js": {"path":"/Users/liubou.kurets/Documents/studentLab/travel-app/mobile/src/constants/api.js","statementMap":{"0":{"start":{"line":2,"column":25},"end":{"line":2,"column":26}},"1":{"start":{"line":3,"column":37},"end":{"line":3,"column":43}}},"fnMap":{},"branchMap":{},"s":{"0":1,"1":1},"f":{},"b":{},"_coverageSchema":"1a1c01bbd47fc00a2c39e90264f33305004495a9","hash":"84d49694f5322b2c986b46330a315673de94ef9e"}
,"/Users/liubou.kurets/Documents/studentLab/travel-app/mobile/src/constants/colors.js": {"path":"/Users/liubou.kurets/Documents/studentLab/travel-app/mobile/src/constants/colors.js","statementMap":{},"fnMap":{},"branchMap":{},"s":{},"f":{},"b":{},"_coverageSchema":"1a1c01bbd47fc00a2c39e90264f33305004495a9","hash":"afb3e7fbd3e99ab7b386c0d3047e1cfb5e5a4123"}
,"/Users/liubou.kurets/Documents/studentLab/travel-app/mobile/src/constants/fonts.js": {"path":"/Users/liubou.kurets/Documents/studentLab/travel-app/mobile/src/constants/fonts.js","statementMap":{"0":{"start":{"line":4,"column":2},"end":{"line":7,"column":5}}},"fnMap":{"0":{"name":"loadFonts","decl":{"start":{"line":3,"column":22},"end":{"line":3,"column":31}},"loc":{"start":{"line":3,"column":34},"end":{"line":8,"column":1}},"line":3}},"branchMap":{},"s":{"0":0},"f":{"0":0},"b":{},"_coverageSchema":"1a1c01bbd47fc00a2c39e90264f33305004495a9","hash":"e0c870d051673a21d1cfc6b3b5cdbdda40d6974f"}
,"/Users/liubou.kurets/Documents/studentLab/travel-app/mobile/src/screens/EditProfileScreen/EditProfileScreen.style.js": {"path":"/Users/liubou.kurets/Documents/studentLab/travel-app/mobile/src/screens/EditProfileScreen/EditProfileScreen.style.js","statementMap":{"0":{"start":{"line":5,"column":25},"end":{"line":11,"column":1}},"1":{"start":{"line":12,"column":24},"end":{"line":20,"column":1}},"2":{"start":{"line":21,"column":29},"end":{"line":24,"column":1}},"3":{"start":{"line":25,"column":29},"end":{"line":33,"column":1}},"4":{"start":{"line":35,"column":29},"end":{"line":44,"column":1}}},"fnMap":{},"branchMap":{},"s":{"0":1,"1":1,"2":1,"3":1,"4":1},"f":{},"b":{},"_coverageSchema":"1a1c01bbd47fc00a2c39e90264f33305004495a9","hash":"761352f6372ffb5e896d0149933fe53b3e087bd2"}
,"/Users/liubou.kurets/Documents/studentLab/travel-app/mobile/src/screens/ProfileScreen/Profile.style.js": {"path":"/Users/liubou.kurets/Documents/studentLab/travel-app/mobile/src/screens/ProfileScreen/Profile.style.js","statementMap":{"0":{"start":{"line":5,"column":25},"end":{"line":5,"column":44}},"1":{"start":{"line":7,"column":24},"end":{"line":9,"column":1}},"2":{"start":{"line":10,"column":22},"end":{"line":14,"column":1}},"3":{"start":{"line":15,"column":29},"end":{"line":20,"column":1}},"4":{"start":{"line":21,"column":24},"end":{"line":26,"column":1}},"5":{"start":{"line":27,"column":25},"end":{"line":31,"column":1}},"6":{"start":{"line":32,"column":29},"end":{"line":34,"column":1}},"7":{"start":{"line":35,"column":24},"end":{"line":44,"column":1}},"8":{"start":{"line":46,"column":29},"end":{"line":50,"column":1}}},"fnMap":{},"branchMap":{},"s":{"0":1,"1":1,"2":1,"3":1,"4":1,"5":1,"6":1,"7":1,"8":1},"f":{},"b":{},"_coverageSchema":"1a1c01bbd47fc00a2c39e90264f33305004495a9","hash":"c08151f991c160b2f1638abf8a80b6eaae38f271"}
,"/Users/liubou.kurets/Documents/studentLab/travel-app/mobile/src/services/dataParser.js": {"path":"/Users/liubou.kurets/Documents/studentLab/travel-app/mobile/src/services/dataParser.js","statementMap":{"0":{"start":{"line":1,"column":26},"end":{"line":20,"column":1}},"1":{"start":{"line":2,"column":15},"end":{"line":2,"column":35}},"2":{"start":{"line":3,"column":21},"end":{"line":16,"column":3}},"3":{"start":{"line":17,"column":16},"end":{"line":17,"column":43}},"4":{"start":{"line":19,"column":2},"end":{"line":19,"column":61}}},"fnMap":{"0":{"name":"(anonymous_0)","decl":{"start":{"line":1,"column":26},"end":{"line":1,"column":27}},"loc":{"start":{"line":1,"column":40},"end":{"line":20,"column":1}},"line":1}},"branchMap":{},"s":{"0":1,"1":23,"2":23,"3":23,"4":23},"f":{"0":23},"b":{},"_coverageSchema":"1a1c01bbd47fc00a2c39e90264f33305004495a9","hash":"e1137a6a0badf8a4a6e6015414517658080205f8"}
}
