TN:
SF:assets/images/avatar.jpeg
FNF:0
FNH:0
DA:1,1
LF:1
LH:1
BRF:0
BRH:0
end_of_record
TN:
SF:src/components/Loaders/AnimatedImage.js
FN:6,(anonymous_0)
FN:56,(anonymous_1)
FN:60,(anonymous_2)
FNF:3
FNH:1
FNDA:1,(anonymous_0)
FNDA:0,(anonymous_1)
FNDA:0,(anonymous_2)
DA:6,1
DA:12,1
DA:16,1
DA:17,1
DA:18,1
DA:38,1
DA:39,1
DA:44,1
DA:57,0
DA:58,0
DA:61,0
DA:62,0
DA:63,0
LF:13
LH:8
BRDA:9,0,0,0
BRDA:10,1,0,1
BRF:2
BRH:1
end_of_record
TN:
SF:src/components/ProfileForm/ProfileForm.js
FN:17,(anonymous_0)
FN:20,(anonymous_1)
FNF:2
FNH:2
FNDA:23,(anonymous_0)
FNDA:20,(anonymous_1)
DA:17,1
DA:18,23
DA:20,23
DA:21,20
DA:22,20
DA:23,20
DA:24,20
DA:27,23
LF:8
LH:8
BRDA:21,0,0,20
BRDA:21,0,1,8
BRDA:22,1,0,20
BRDA:22,1,1,8
BRDA:24,2,0,20
BRDA:24,2,1,7
BRDA:24,2,2,2
BRDA:29,3,0,23
BRDA:29,3,1,21
BRDA:33,4,0,14
BRDA:33,4,1,7
BRDA:44,5,0,14
BRDA:44,5,1,7
BRDA:47,6,0,14
BRDA:47,6,1,14
BRDA:56,7,0,21
BRDA:56,7,1,15
BRDA:65,8,0,21
BRDA:65,8,1,15
BRDA:72,9,0,21
BRDA:72,9,1,14
BRDA:74,10,0,14
BRDA:74,10,1,14
BRDA:80,11,0,14
BRDA:80,11,1,14
BRDA:86,12,0,14
BRDA:86,12,1,14
BRF:27
BRH:27
end_of_record
TN:
SF:src/components/ProfileForm/ProfileInfo.style.js
FNF:0
FNH:0
DA:5,1
LF:1
LH:1
BRF:0
BRH:0
end_of_record
TN:
SF:src/constants/api.js
FNF:0
FNH:0
DA:2,1
DA:3,1
LF:2
LH:2
BRF:0
BRH:0
end_of_record
TN:
SF:src/constants/colors.js
FNF:0
FNH:0
LF:0
LH:0
BRF:0
BRH:0
end_of_record
TN:
SF:src/constants/fonts.js
FN:3,loadFonts
FNF:1
FNH:0
FNDA:0,loadFonts
DA:4,0
LF:1
LH:0
BRF:0
BRH:0
end_of_record
TN:
SF:src/screens/EditProfileScreen/EditProfileScreen.style.js
FNF:0
FNH:0
DA:5,1
DA:12,1
DA:21,1
DA:25,1
DA:35,1
LF:5
LH:5
BRF:0
BRH:0
end_of_record
TN:
SF:src/screens/ProfileScreen/Profile.style.js
FNF:0
FNH:0
DA:5,1
DA:7,1
DA:10,1
DA:15,1
DA:21,1
DA:27,1
DA:32,1
DA:35,1
DA:46,1
LF:9
LH:9
BRF:0
BRH:0
end_of_record
TN:
SF:src/services/dataParser.js
FN:1,(anonymous_0)
FNF:1
FNH:1
FNDA:23,(anonymous_0)
DA:1,1
DA:2,23
DA:3,23
DA:17,23
DA:19,23
LF:5
LH:5
BRF:0
BRH:0
end_of_record
